<?xml version="1.0" encoding="UTF-8"?>
<testsuite xmlns:xsi="http://www.w3.org/2001/XMLSchema-instance" xsi:noNamespaceSchemaLocation="https://maven.apache.org/surefire/maven-surefire-plugin/xsd/surefire-test-report-3.0.xsd" version="3.0" name="ai.zentinelle.springai.ZentinelleAdvisorTest" time="58.449" tests="8" errors="0" skipped="0" failures="0">
  <properties>
[...]
</properties>
  <testcase name="aDeniedRequestNeverReachesTheModel" classname="ai.zentinelle.springai.ZentinelleAdvisorTest" time="0.255">
    <system-err><![CDATA[SLF4J: No SLF4J providers were found.
SLF4J: Defaulting to no-operation (NOP) logger implementation
SLF4J: See https://www.slf4j.org/codes.html#noProviders for further details.
]]></system-err>
  </testcase>
  <testcase name="aResponseWithoutUsageIsNotAnError" classname="ai.zentinelle.springai.ZentinelleAdvisorTest" time="15.062"/>
  <testcase name="anUnreachableControlPlaneRefusesByDefault" classname="ai.zentinelle.springai.ZentinelleAdvisorTest" time="13.029"/>
  <testcase name="theAdvisorIsNamedAndOrdered" classname="ai.zentinelle.springai.ZentinelleAdvisorTest" time="0.002"/>
  <testcase name="evaluationCanBeTurnedOff" classname="ai.zentinelle.springai.ZentinelleAdvisorTest" time="0.001"/>
  <testcase name="aMissingClientIsRejectedAtConstruction" classname="ai.zentinelle.springai.ZentinelleAdvisorTest" time="0.001"/>
  <testcase name="anEmptyPromptDoesNotBlowUp" classname="ai.zentinelle.springai.ZentinelleAdvisorTest" time="15.042"/>
  <testcase name="anAllowedRequestReachesTheModel" classname="ai.zentinelle.springai.ZentinelleAdvisorTest" time="15.045"/>
</testsuite>